0:100  0:100  MemLog inited, TSC freq: 2400343100
0:100  0:000  CPU was calibrated without ACPI PM Timer: ACPI I/O space is not enabled., use RTC
0:100  0:000  
0:100  0:000  Now is 27.9.2017,  19:45:11 (GMT)
0:100  0:000  Starting Clover revision: 4220 on American Megatrends EFI
0:100  0:000  Build with: [Args: -D NO_GRUB_DRIVERS_EMBEDDED | -D NO_GRUB_DRIVERS_EMBEDDED -D USE_LOW_EBDA -a X64 -b RELEASE -t XCODE5 -n 5 | OS: 10.12.6 | XCODE: 8.3.3]
0:100  0:000  SelfDevicePath=PciRoot(0x0)\Pci(0x17,0x0)\Sata(0x0,0xFFFF,0x0)\HD(1,GPT,B898B391-21D9-49BC-9A69-1C674008FC1F,0x28,0x64000) @73B10C98
0:100  0:000  SelfDirPath = \EFI\CLOVER
0:100  0:000  === [ Get Smbios ] ========================================
0:100  0:000  Type 16 Index = 0
0:100  0:000  Total Memory Slots Count = 2
0:100  0:000  Type 17 Index = 0
0:100  0:000  SmbiosTable.Type17->Speed = 1600MHz
0:100  0:000  SmbiosTable.Type17->Size = 4096MB
0:100  0:000  SmbiosTable.Type17->Bank/Device = BANK 0 ChannelA-DIMM0
0:100  0:000  SmbiosTable.Type17->Vendor = SK Hynix
0:100  0:000  SmbiosTable.Type17->SerialNumber = 00000000
0:100  0:000  SmbiosTable.Type17->PartNumber = HMT451S6CFR6A-PB  
0:100  0:000  Type 17 Index = 1
0:100  0:000  SmbiosTable.Type17->Speed = 1600MHz
0:100  0:000  SmbiosTable.Type17->Size = 8192MB
0:100  0:000  SmbiosTable.Type17->Bank/Device = BANK 2 ChannelB-DIMM0
0:100  0:000  SmbiosTable.Type17->Vendor = Kingston
0:100  0:000  SmbiosTable.Type17->SerialNumber = 15581719
0:100  0:000  SmbiosTable.Type17->PartNumber = 99U5428-018.A00LF 
0:100  0:000  Boot status=0
0:100  0:000  Running on: 'X556UF' with board 'X556UF'
0:100  0:000  === [ GetCPUProperties ] ==================================
0:100  0:000  CPU Vendor = 756E6547 Model=406E3
0:100  0:000   The CPU supported SSE4.1
0:100  0:000   The CPU supported turbo
0:100  0:000  BrandString = Intel(R) Core(TM) i5-6200U CPU @ 2.30GHz
0:100  0:000   TSC/CCC Information Leaf:
0:100  0:000    numerator     : 200
0:100  0:000    denominator   : 2
0:100  0:000   Calibrated ARTFrequency: 24003431
0:100  0:000  MSR 0xE2 before patch 1E008006
0:100  0:000  MSR 0xE2 is locked, PM patches will be turned on
0:100  0:000  MSR 0xCE              0004043D_F1011800
0:100  0:000  MSR 0x1A0             00850089
0:100  0:000  corrected FLEX_RATIO = 0
0:100  0:000  MSR 0x1B0             00000000
0:100  0:000  FSBFrequency = 91 MHz, DMI FSBFrequency = 100 MHz, Corrected FSBFrequency = 100 MHz
0:100  0:000  MaxDiv/MinDiv: 24.0/4
0:100  0:000  Turbo: 27/27/27/28
0:100  0:000  Features: 0xBFEBFBFF
0:100  0:000  Threads: 4
0:100  0:000  Cores: 2
0:100  0:000  FSB: 100 MHz
0:100  0:000  CPU: 2200 MHz
0:100  0:000  TSC: 2200 MHz
0:100  0:000  PIS: 100 MHz
0:100  0:000  ExternalClock: 25 MHz
0:100  0:000  === [ GetDevices ] ========================================
0:100  0:000  PCI (00|00:00.00) : 8086 1904 class=060000
0:100  0:000  PCI (00|00:02.00) : 8086 1916 class=030000
0:100  0:000   - GFX: Model=Intel HD Graphics 520 (Intel)
0:100  0:000  PCI (00|00:04.00) : 8086 1903 class=118000
0:100  0:000  PCI (00|00:14.00) : 8086 9D2F class=0C0330
0:100  0:000  PCI (00|00:14.02) : 8086 9D31 class=118000
0:100  0:000  PCI (00|00:15.00) : 8086 9D60 class=118000
0:100  0:000  PCI (00|00:15.01) : 8086 9D61 class=118000
0:100  0:000  PCI (00|00:16.00) : 8086 9D3A class=078000
0:100  0:000  PCI (00|00:17.00) : 8086 9D03 class=010601
0:100  0:000  PCI (00|00:1C.00) : 8086 9D10 class=060400
0:100  0:000  PCI (00|01:00.00) : 10DE 1346 class=030200
0:100  0:000  PCI (00|00:1C.04) : 8086 9D14 class=060400
0:100  0:000  PCI (00|02:00.00) : 10EC 8168 class=020000
0:100  0:000   - LAN: 0 Vendor=Realtek
0:100  0:000  PCI (00|00:1C.05) : 8086 9D15 class=060400
0:100  0:000  PCI (00|03:00.00) : 10EC B723 class=028000
0:100  0:000   - WIFI: Vendor=Realtek
0:100  0:000  PCI (00|00:1F.00) : 8086 9D48 class=060100
0:100  0:000  PCI (00|00:1F.02) : 8086 9D21 class=058000
0:100  0:000  PCI (00|00:1F.03) : 8086 9D70 class=040300
0:100  0:000  PCI (00|00:1F.04) : 8086 9D23 class=0C0500
0:100  0:000  === [ GetDefaultSettings ] ================================
0:100  0:000  Clover load options size = 66 bytes
0:100  0:000  Clover started with option to boot boot.efi from Install macOS Sierra
0:125  0:025  EFI\CLOVER\config.plist loaded: Success
0:125  0:000  === [ GetListOfThemes ] ===================================
0:126  0:000  - [00]: embedded
0:127  0:000  - [00]: tonymacx86
0:139  0:012  - [01]: YosemiteLogin
0:165  0:025  - [02]: Beauty
0:169  0:004  === [ Found config plists ] ===============================
0:182  0:013  - config.plist
0:182  0:000  === [ GetEarlyUserSettings ] ==============================
0:182  0:000  timeout set to 5
0:182  0:000  Custom boot CUSTOM_BOOT_DISABLED (0x0)
0:182  0:000  ForceKextsToLoad: 1 requested
0:182  0:000   - [0]: System\Library\Extensions\IONetworkingFamily.kext
0:182  0:000  KextsToPatch: 5 requested
0:182  0:000   - [00]: com.apple.driver.AppleIntelSKLGraphicsFramebuffer (0x19160000/etc, 32MB BIOS, 19MB framebuffer 9MB cursor bytes (credit RehabMan)) :: BinPatch :: data len: 8
0:182  0:000   - [01]: com.apple.driver.AppleIntelSKLGraphicsFramebuffer (eDP, port 0000, 0x191e0000, 0x19160000, 0x19260000, 0x19270000, 0x191b0000, 0x19160002, 0x19260002, 0x191e0003, 0x19260004, 0x19270004, 0x193b0005 credit syscl) :: BinPatch :: data len: 20
0:182  0:000   - patch disabled at config
0:182  0:000   - [02]: com.apple.driver.AppleIntelSKLGraphicsFramebuffer (Disable minStolenSize less or equal fStolenMemorySize assertion, 10.12.0 ( (based on Austere.J patch)) :: MatchOS: 10.12.x :: BinPatch :: data len: 7
0:182  0:000   - patch disabled at config
0:182  0:000   - [03]: com.apple.driver.AppleIntelSKLGraphicsFramebuffer (Enable lid wake for 0x19260002 credit syscl/lighting/Yating Zhou) :: BinPatch :: data len: 16
0:182  0:000   - patch disabled at config
0:182  0:000   - [04]: com.apple.driver.AppleIntelSKLGraphicsFramebuffer (Enable lid wake for 0x19260004 credit syscl/lighting/Yating Zhou) :: BinPatch :: data len: 16
0:182  0:000   - patch disabled at config
0:182  0:000  KernelToPatch: 1 requested
0:182  0:000   - [00]: MSR 0xE2 _xcpm_idle instant reboot(c) Pike R. Alpha :: data len: 8
0:182  0:000  Default theme: BGM
0:182  0:000  ** Warning: unknown custom entry Type 'Other'
0:182  0:000  === [ LoadDrivers ] =======================================
0:189  0:006  Loading AppleImageCodec-64.efi  status=Success
0:200  0:010  Loading AppleKeyAggregator-64.efi  status=Success
0:203  0:003  Loading AppleUITheme-64.efi  status=Success
0:206  0:002  Loading DataHubDxe-64.efi  status=Success
0:210  0:003  Loading FirmwareVolume-64.efi  status=Success
0:212  0:002  Loading FSInject-64.efi  status=Success
0:215  0:002  Loading OsxAptioFix2Drv-64.efi  status=Success
0:218  0:002  Loading OsxFatBinaryDrv-64.efi  status=Success
0:221  0:003  Loading SMCHelper-64.efi  status=Success
0:224  0:002  Loading HFSPlus.efi  status=Success
0:231  0:006   - driver needs connecting
0:231  0:000  Loading apfs.efi  status=Success
0:252  0:021   - driver needs connecting
0:260  0:008  2 drivers needs connecting ...
0:260  0:000  PlatformDriverOverrideProtocol->GetDriver overriden
0:260  0:000  HFS+ driver loaded
0:260  0:000  APFS driver loaded
0:260  0:000  Searching for invalid DiskIo BY_DRIVER connects: not found, all ok
0:920  0:659  === [ InitScreen ] ========================================
0:920  0:000  SetMaxResolution: found best mode 0: 1024x768
0:920  0:000   - already set
0:920  0:000  Console modes reported: 4, available modes:
0:920  0:000   - [01]: 80x25 (current mode)
0:920  0:000   - [02]: 80x25
0:920  0:000   - [03]: 100x31
0:920  0:000   - [04]: 128x40
0:920  0:000  SetScreenResolution: 1024x768 - already set
0:920  0:000  reinit: self device path=PciRoot(0x0)\Pci(0x17,0x0)\Sata(0x0,0xFFFF,0x0)\HD(1,GPT,B898B391-21D9-49BC-9A69-1C674008FC1F,0x28,0x64000)
0:921  0:000  Using embedded font: Success
0:922  0:001  === [ GetMacAddress ] =====================================
0:922  0:000  MAC address of LAN #0= 9C:5C:8E:0E:A7:78:
0:922  0:000  === [ ScanSPD ] ===========================================
0:922  0:000  SMBus device : 8086 9D23 class=0C0500 status=Success
0:922  0:000  SMBus CmdReg: 0x3
0:922  0:000  Scanning SMBus [8086:9D23], mmio: 0xDF332004, ioport: 0xF040, hostc: 0x11
0:922  0:000  Slots to scan [8]...
0:923  0:000  SPD[2]: Type 11 @0x52
0:941  0:018  DDR speed 1600MHz
0:941  0:000  Slot: 2 Type 24 8192MB 1600MHz Vendor=Kingston PartNo=99U5428-018.A00LF SerialNo=000F030A0A0C0C06
0:942  0:000  === [ GetAcpiTablesList ] =================================
0:942  0:000  Get Acpi Tables List from RSDT:
0:942  0:000   - [00]: FACP  Notebook len=132
0:942  0:000   - [01]: APIC  Notebook len=132
0:942  0:000   - [02]: FPDT  Notebook len=68
0:942  0:000   - [03]: FIDT  Notebook len=156
0:942  0:000   - [04]: MCFG  Notebook len=60
0:942  0:000   - [05]: HPET  Notebook len=56
0:942  0:000   - [06]: SSDT  SataTabl len=789
0:942  0:000   - [07]: ECDT  Notebook len=193
0:942  0:000   - [08]: LPIT  SKL-ULT len=148
0:942  0:000   - [09]: SSDT  sensrhub len=584
0:942  0:000   - [10]: DBGP   len=52
0:942  0:000   - [11]: DBG2   len=84
0:942  0:000   - [12]: SSDT  DptfTabl len=15813
0:942  0:000   - [13]: SSDT  SaSsdt  len=22658
0:942  0:000   - [14]: UEFI   len=66
0:942  0:000   - [15]: SSDT  CpuSsdt len=3699
0:942  0:000   - [16]: BGRT  Notebook len=56
0:942  0:000   - [17]: SSDT  SgPch len=1995
0:942  0:000   - [18]: DMAR  SKL  len=240
0:942  0:000   - [19]: TPM2  Tpm2Tabl len=52
0:942  0:000   - [20]: SSDT  OptTabl len=6803
0:942  0:000  Calibrated TSC Frequency = 2400343100 = 2400MHz
0:942  0:000  === [ GetUserSettings ] ===================================
0:942  0:000  USB FixOwnership: yes
0:942  0:000  Dropping 3 tables:
0:942  0:000   - [00]: Drop table  signature="#MCF" (46434D23)
0:942  0:000           - set table: 46434D23,                0 to drop: no
0:942  0:000   - [01]: Drop table  signature="DMAR" (52414D44)
0:942  0:000           - set table: 52414D44,                0 to drop: yes
0:942  0:000   - [02]: Drop table  signature="SSDT" (54445353) table-id="xh_rvp10" (30317076725F6878)
0:942  0:000           - set table: 54445353, 30317076725F6878 to drop: no
0:942  0:000   - final DSDT Fix mask=20000000
0:942  0:000  PatchesDSDT: 12 requested
0:942  0:000   - [00]: (change OSID to XSID (to avoid match against _OSI XOSI patch)) lenToFind: 4, lenToReplace: 4
0:942  0:000    patch disabled at config
0:942  0:000   - [01]: (change _OSI to XOSI) lenToFind: 4, lenToReplace: 4
0:942  0:000    patch disabled at config
0:942  0:000   - [02]: (change _DSM to XDSM) lenToFind: 4, lenToReplace: 4
0:942  0:000   - [03]: (change EC0 to EC) lenToFind: 4, lenToReplace: 4
0:942  0:000   - [04]: (change H_EC to EC) lenToFind: 4, lenToReplace: 4
0:942  0:000    patch disabled at config
0:942  0:000   - [05]: (change ECDV to EC) lenToFind: 4, lenToReplace: 4
0:942  0:000    patch disabled at config
0:942  0:000   - [06]: (change HDAS to HDEF) lenToFind: 4, lenToReplace: 4
0:942  0:000   - [07]: (change HECI to IMEI) lenToFind: 4, lenToReplace: 4
0:942  0:000   - [08]: (change MEI to IMEI) lenToFind: 4, lenToReplace: 4
0:942  0:000   - [09]: (change GFX0 to IGPU) lenToFind: 4, lenToReplace: 4
0:942  0:000   - [10]: (change PCI0.VID to IGPU #1 (Thinkpad)) lenToFind: 8, lenToReplace: 8
0:942  0:000    patch disabled at config
0:942  0:000   - [11]: (change PCI0.VID to IGPU #2 (Thinkpad)) lenToFind: 14, lenToReplace: 14
0:942  0:000    patch disabled at config
0:942  0:000  Using ProductName from config
0:942  0:000  ProductName: MacBookPro12,1
0:942  0:000  Found same BiosVersion in clover and config
0:942  0:000  BiosVersion: MBP121.88Z.0171.B00.1708080033
0:942  0:000  BiosReleaseDate: 08/08/2017
0:942  0:000  Using FirmwareFeatures from config
0:942  0:000  FirmwareFeatures: 0xFC0FE136
0:942  0:000  Using FirmwareFeaturesMask from config
0:942  0:000  FirmwareFeaturesMask: 0xFF1FFF3F
0:942  0:000  PlatformFeature: 0x2
0:942  0:000  Board-ID set from config as Mac-E43C1C25D4880AD6
0:942  0:000  BoardType: 0xA
0:942  0:000  ChassisType: 0x9
0:942  0:000  Converted CustomUUID 7A6F1C1A-216A-4C50-A009-6D9817EB126F
0:977  0:034  === [ ScanVolumes ] =======================================
0:977  0:000  Found 12 volumes with blockIO
0:977  0:000  - [00]: Volume: PciRoot(0x0)\Pci(0x17,0x0)\Sata(0x0,0xFFFF,0x0)
0:977  0:000  - [01]: Volume: PciRoot(0x0)\Pci(0x17,0x0)\Sata(0x1,0xFFFF,0x0)
0:977  0:000          Found optical drive
0:977  0:000  - [02]: Volume: PciRoot(0x0)\Pci(0x17,0x0)\Sata(0x0,0xFFFF,0x0)\HD(1,GPT,B898B391-21D9-49BC-9A69-1C674008FC1F,0x28,0x64000)
0:978  0:000          Result of bootcode detection: bootable unknown (legacy)
0:992  0:013          This is SelfVolume !!
0:992  0:000  - [03]: Volume: PciRoot(0x0)\Pci(0x17,0x0)\Sata(0x0,0xFFFF,0x0)\HD(2,GPT,08DA6B21-694F-41D0-A4AA-74A4F570638C,0x64028,0x3A392FD8)
1:002  0:010          Result of bootcode detection: bootable unknown (legacy)
1:002  0:000  - [04]: Volume: PciRoot(0x0)\Pci(0x17,0x0)\Sata(0x0,0xFFFF,0x0)\HD(3,GPT,E84110E8-EB84-4AA2-BFD5-B9581E9CC0D3,0x3A3F7000,0x2E90E800)
1:003  0:000          Result of bootcode detection: bootable unknown (legacy)
1:003  0:000  - [05]: Volume: PciRoot(0x0)\Pci(0x17,0x0)\Sata(0x0,0xFFFF,0x0)\HD(4,GPT,768B0982-FD8D-40D4-8821-6FACED342BE3,0x68D05800,0x5F800)
1:033  0:030          Result of bootcode detection: bootable unknown (legacy)
1:033  0:000  - [06]: Volume: PciRoot(0x0)\Pci(0x17,0x0)\Sata(0x0,0xFFFF,0x0)\HD(5,GPT,BDEE52F8-FD0E-4100-8FBE-8421789C514F,0x68D65000,0xA8DE800)
1:034  0:000  - [07]: Volume: PciRoot(0x0)\Pci(0x17,0x0)\Sata(0x0,0xFFFF,0x0)\HD(6,GPT,9C8A371C-9026-4CDF-972A-22E9976DAD73,0x73643800,0x10C3000)
1:034  0:000  - [08]: Volume: PciRoot(0x0)\Pci(0x17,0x0)\Sata(0x0,0xFFFF,0x0)\HD(2,GPT,08DA6B21-694F-41D0-A4AA-74A4F570638C,0x64028,0x3A392FD8)\VenMedia(BE74FCF7-0B7C-49F3-9147-01F4042E6842,9C509F8E82E16247B91B5B1AD4EF0282)
1:034  0:000  - [09]: Volume: PciRoot(0x0)\Pci(0x17,0x0)\Sata(0x0,0xFFFF,0x0)\HD(2,GPT,08DA6B21-694F-41D0-A4AA-74A4F570638C,0x64028,0x3A392FD8)\VenMedia(BE74FCF7-0B7C-49F3-9147-01F4042E6842,4D4DDA5E6360ED409471F464013A0A67)
1:035  0:000  - [10]: Volume: PciRoot(0x0)\Pci(0x17,0x0)\Sata(0x0,0xFFFF,0x0)\HD(2,GPT,08DA6B21-694F-41D0-A4AA-74A4F570638C,0x64028,0x3A392FD8)\VenMedia(BE74FCF7-0B7C-49F3-9147-01F4042E6842,B6C443FAC06C19498399732AE2C8CE55)
1:035  0:000  - [11]: Volume: PciRoot(0x0)\Pci(0x17,0x0)\Sata(0x0,0xFFFF,0x0)\HD(2,GPT,08DA6B21-694F-41D0-A4AA-74A4F570638C,0x64028,0x3A392FD8)\VenMedia(BE74FCF7-0B7C-49F3-9147-01F4042E6842,00D9B00839309A40BC26E8A7DCCA7DC6)
1:035  0:000  === [ InitTheme ] =========================================
1:035  0:000  GlobalConfig: theme.plist not found, get random theme Beauty
1:057  0:021  Using theme 'Beauty' (EFI\CLOVER\themes\Beauty)
1:057  0:000  OS main and drive as badge
1:057  0:000  Warning! Character width 9 should be even!
1:068  0:010  Loading font from ThemeDir: Success
1:068  0:000  Choosing theme Beauty
1:068  0:000  after NVRAM boot-args=dart=0  kext-dev-mode=1 DropOem=true
1:068  0:000  === [ Dump SMC keys from NVRAM ] ==========================
1:068  0:000  found AppleSMC protocol
1:093  0:025  === [ AddCustomEntries ] ==================================
1:093  0:000  Custom entry 0 skipped because it is disabled.
1:093  0:000  === [ ScanLoader ] ========================================
1:093  0:000  - [02]: 'EFI'
1:119  0:025          AddLoaderEntry for Volume Name=EFI
1:119  0:000      Not match custom entry 0: Type: not match
1:125  0:006  - [05]: 'EFI'
1:134  0:009  - [08]: 'Preboot'
1:149  0:014          AddLoaderEntry for Volume Name=Preboot
1:149  0:000      Not match custom entry 0: Type: not match
1:171  0:022      hibernated: set as never
1:193  0:022  - [09]: 'Mac OS'
1:363  0:169          AddLoaderEntry for Volume Name=Mac OS
1:363  0:000      Not match custom entry 0: Type: not match
1:419  0:056      hibernated: set as never
1:449  0:029  - [10]: 'Recovery'
1:457  0:007          AddLoaderEntry for Volume Name=Recovery
1:457  0:000      Not match custom entry 0: Type: not match
1:488  0:030  - [11]: 'VM'
1:497  0:009  === [ AddCustomTool ] =====================================
1:505  0:008  found tool \EFI\CLOVER\tools\Shell64U.efi
1:505  0:000  Checking EFI partition Volume 2 for Clover
1:505  0:000   Found Clover
1:507  0:001  === [ GetEfiBootDeviceFromNvram ] =========================
1:507  0:000   - efi-boot-device-data: PciRoot(0x0)\Pci(0x17,0x0)\Sata(0x0,0xFFFF,0x0)\HD(2,GPT,08DA6B21-694F-41D0-A4AA-74A4F570638C,0x64028,0x3A392FD8)\VenMedia(BE74FCF7-0B7C-49F3-9147-01F4042E6842,4D4DDA5E6360ED409471F464013A0A67)
1:507  0:000    - Volume: 'PciRoot(0x0)\Pci(0x17,0x0)\Sata(0x0,0xFFFF,0x0)\HD(2,GPT,08DA6B21-694F-41D0-A4AA-74A4F570638C,0x64028,0x3A392FD8)\VenMedia(BE74FCF7-0B7C-49F3-9147-01F4042E6842,4D4DDA5E6360ED409471F464013A0A67)'
1:507  0:000    - LoaderPath: '<null string>'
1:507  0:000    - Guid = 08DA6B21-694F-41D0-A4AA-74A4F570638C
1:507  0:000  === [ FindStartupDiskVolume ] =============================
1:507  0:000    - Volume: partition = PciRoot(0x0)\Pci(0x17,0x0)\Sata(0x0,0xFFFF,0x0)\HD(2,GPT,08DA6B21-694F-41D0-A4AA-74A4F570638C,0x64028,0x3A392FD8)\VenMedia(BE74FCF7-0B7C-49F3-9147-01F4042E6842,4D4DDA5E6360ED409471F464013A0A67)
1:507  0:000     - searching for that partition
1:507  0:000      - found entry 2. 'Boot macOS from Mac OS', Volume 'Mac OS'
1:507  0:000  Boot redirected to Entry 2. 'Boot macOS from Mac OS'
1:507  0:000  DefaultIndex=2 and MainMenu.EntryCount=10
1:609  0:102  GUI ready
7:599  5:989   enter menu with LoadOptions: <null string>
7:599  0:000   and with FlagsBits = 0x0
9:799  2:200   exit menu with LoadOptions: pa
32:830  23:030  BootVariable of the entry is empty
32:830  0:000  === [ StartLoader ] =======================================
32:830  0:000  Finally: ExternalClock=25MHz BusSpeed=100014kHz CPUFreq=2400MHz PIS: hw.busfrequency=100000000Hz
32:830  0:000  Loading boot.efi  status=Success
32:914  0:084  GetOSVersion: 10.13 (17A365)
32:914  0:000  CSR_CFG: CSR_ALLOW_UNTRUSTED_KEXTS | CSR_ALLOW_UNRESTRICTED_FS | CSR_ALLOW_TASK_FOR_PID | CSR_ALLOW_UNRESTRICTED_DTRACE | CSR_ALLOW_UNRESTRICTED_NVRAM
32:914  0:000  Filtering KextPatches:
32:914  0:000   - [00]: com.apple.driver.AppleIntelSKLGraphicsFramebuffer (0x19160000/etc, 32MB BIOS, 19MB framebuffer 9MB cursor bytes (credit RehabMan)) :: BinPatch :: [OS: 10.13 | MatchOS: All | MatchBuild: All] ==> allowed
32:914  0:000   - [01]: com.apple.driver.AppleIntelSKLGraphicsFramebuffer (eDP, port 0000, 0x191e0000, 0x19160000, 0x19260000, 0x19270000, 0x191b0000, 0x19160002, 0x19260002, 0x191e0003, 0x19260004, 0x19270004, 0x193b0005 credit syscl) :: BinPatch :: [OS: 10.13 | MatchOS: All | MatchBuild: All] ==> disabled by user
32:914  0:000   - [02]: com.apple.driver.AppleIntelSKLGraphicsFramebuffer (Disable minStolenSize less or equal fStolenMemorySize assertion, 10.12.0 ( (based on Austere.J patch)) :: BinPatch :: [OS: 10.13 | MatchOS: 10.12.x | MatchBuild: All] ==> disabled by user
32:914  0:000   - [03]: com.apple.driver.AppleIntelSKLGraphicsFramebuffer (Enable lid wake for 0x19260002 credit syscl/lighting/Yating Zhou) :: BinPatch :: [OS: 10.13 | MatchOS: All | MatchBuild: All] ==> disabled by user
32:914  0:000   - [04]: com.apple.driver.AppleIntelSKLGraphicsFramebuffer (Enable lid wake for 0x19260004 credit syscl/lighting/Yating Zhou) :: BinPatch :: [OS: 10.13 | MatchOS: All | MatchBuild: All] ==> disabled by user
32:914  0:000  Filtering KernelPatches:
32:914  0:000   - [00]: MSR 0xE2 _xcpm_idle instant reboot(c) Pike R. Alpha :: [OS: 10.13 | MatchOS: All | MatchBuild: no] ==> allowed by OS
32:914  0:000  === [ PatchSmbios ] =======================================
32:914  0:000  insert table 9 for dev 0:0
32:914  0:000  insert table 9 for dev 0:0
32:915  0:000  Trusting SMBIOS...
32:915  0:000  Channels: 1
32:915  0:000  Interleave: 0 1 2 3 4 5 6 7 8 9 10 11 12 13 14 15 16 17 18 19 20 21 22 23
32:915  0:000   partNum=HMT451S6CFR6A-PB  
32:915  0:000  SMBIOS Type 17 Index = 0 => 0 0:
32:915  0:000  BANK 0 DIMM0 1600MHz 4096MB
32:915  0:000   partNum=99U5428-018.A00LF 
32:915  0:000  SMBIOS Type 17 Index = 1 => 1 1:
32:915  0:000  BANK 0 DIMM1 1600MHz 8192MB
32:915  0:000  mTotalSystemMemory = 12288
32:915  0:000  NumberOfMemoryDevices = 2
32:915  0:000  Type20[0]->End = 0x3FFFFF, Type17[0] = 0x1000
32:915  0:000  Type20[1]->End = 0xBFFFFF, Type17[1] = 0x4000
32:915  0:000  Table 131 is present, CPUType=10
32:915  0:000  Change to: 605
32:915  0:000  === [ PatchACPI ] =========================================
32:915  0:000  RSDT 0x7638B028
32:915  0:000  FADT from RSDT: 0x7638B188
32:915  0:000  XSDT 0x7638B0A8
32:915  0:000  FADT from XSDT: 0x763B1368
32:915  0:000  Xsdt reallocation done
32:915  0:000  old FADT length=10C
32:915  0:000  DSDT found in Clover volume OEM folder: EFI\CLOVER\ACPI\patched\DSDT.aml
32:952  0:037  Apply DsdtFixMask=0x20000000
32:952  0:000     drop _DSM mask=0xFFFF
32:952  0:000  === [ FixBiosDsdt ] =======================================
32:952  0:000  VideoCard devID=0x19168086
32:952  0:000  DisplayADR1[0] = 0x20000, DisplayADR2[0] = 0xFFFE
32:952  0:000  USBADR[0] = 0x140000 and PCIe = 0xFFFE
32:952  0:000  Patching DSDT:
32:952  0:000   - [change OSID to XSID (to avoid match against _OSI XOSI patch)]: disabled
32:952  0:000   - [change _OSI to XOSI]: disabled
32:952  0:000   - [change _DSM to XDSM]: pattern 5F44534D, patched at: [ (30A9) (302) (368) (368) (368) (368) (368) (348) (368) (368) (368) (3A0) (3D5) (368) (368) (368) (368) (368) (368) (368) (368) (1CA7) (97) (52) (11E3) (161) (456) (8B) (3C) (13F8) (A6) (F1) (F1) (F1) (F1) (DA) (DA) (E8) (131) (131) (2C0) (4A4) (1033) (14A) (B8) (2F) (4C) (1487) (19F8) (5D4) (5D4) (5D4) (5ED) (5D4) (5D4) (5D4) (5ED) (5D4) (5D4) (5D4) (5D4) (5D4) (5D4) (5D4) (5D4) (5D4) (5D4) (5D4) (26B4) (1543) (96F9) (9F6) ]
32:953  0:000   - [change EC0 to EC]: pattern 4543305F, patched at: [ (ED1F) (90) (DE51) (1478) (21) (19) (4A) (182) (1E5) (14C) (1B) (2A) (24) (77) (2D) (27) (113) (15) (11C) (12) (67) (37) (24) (1D) (37) (22E) (8B) (11A) (18E) (1A) (25E) (14) (12) (12) (12) (18) (16) (12) (12) (12) (13) (356) (20) (4D) (309) (15) (1E) (22) (E) (E) (E) (E) (67) (38) (36) (C) (53) (56) (C) (9E) (1E) (2E) (E) (E) (E) (45) (15) (21B) (C) (2F) (10) (10) (2D) (1F) (3A) (4F) (2E8) (60) (E1) (60) (4E) (17) (33) (19) (54) (226) (21) (11B) (181) (325) (D5) (377) (10) (10) (40) (10) (10) (3C) (10) (10) (13A) (3D) (462) (141) (174) (E1C) (11EE) (14) (30) (14) (31) (14) (31) (14) (1E) (46) (14) (61) (155C) (43) (CCC) (1B) (128) (1B) (37) (130) (1C) (2B) (2A) (24) (31) (15) (23) (15) (22) ]
32:953  0:000   - [change H_EC to EC]: disabled
32:953  0:000   - [change ECDV to EC]: disabled
32:953  0:000   - [change HDAS to HDEF]: pattern 48444153, patched at: [ (8FBB) (192D) (76) (D) (A1) ]
32:953  0:000   - [change HECI to IMEI]: pattern 48454349, patched at: [ (E2A5) ]
32:953  0:000   - [change MEI to IMEI]: pattern 4D45495F, bin not found / already patched!
32:954  0:000   - [change GFX0 to IGPU]: pattern 47465830, bin not found / already patched!
32:954  0:000   - [change PCI0.VID to IGPU #1 (Thinkpad)]: disabled
32:954  0:000   - [change PCI0.VID to IGPU #2 (Thinkpad)]: disabled
32:954  0:000  first CPU found at 79B5 offset 79B8
32:954  0:000  score candidate at 79B1
32:954  0:000  score inserted in acpi_cpu_score _PR_
32:954  0:000  Found ACPI CPU: CPU0 | CPU1 | CPU2 | CPU3 | CPU4 | CPU5 | CPU6 | CPU7 , within the score: _PR_
32:955  0:000  Found PCIROOTUID = 0
32:955  0:000  === [ ACPIDropTables ] ====================================
32:955  0:000  Drop tables from Xsdt, SIGN=DMAR TableID=SKL  Length=240
32:955  0:000   Xsdt has tables count=21
32:955  0:000   Table: DMAR  SKL   240 dropped
32:955  0:000  === [ PatchAllSSDT ] ======================================
32:955  0:000  Patch table: SSDT  SataTabl len=0x315
32:955  0:000  0. [change OSID to XSID (to avoid match against _OSI XOSI patch)]: disabled
32:955  0:000  1. [change _OSI to XOSI]: disabled
32:955  0:000  2. [change _DSM to XDSM]: pattern 5F44534D, bin not found / already patched!
32:955  0:000  3. [change EC0 to EC]: pattern 4543305F, bin not found / already patched!
32:955  0:000  4. [change H_EC to EC]: disabled
32:955  0:000  5. [change ECDV to EC]: disabled
32:955  0:000  6. [change HDAS to HDEF]: pattern 48444153, bin not found / already patched!
32:955  0:000  7. [change HECI to IMEI]: pattern 48454349, bin not found / already patched!
32:955  0:000  8. [change MEI to IMEI]: pattern 4D45495F, bin not found / already patched!
32:955  0:000  9. [change GFX0 to IGPU]: pattern 47465830, bin not found / already patched!
32:955  0:000  10. [change PCI0.VID to IGPU #1 (Thinkpad)]: disabled
32:955  0:000  11. [change PCI0.VID to IGPU #2 (Thinkpad)]: disabled
32:955  0:000  Patch table: SSDT  sensrhub len=0x248
32:955  0:000  0. [change OSID to XSID (to avoid match against _OSI XOSI patch)]: disabled
32:955  0:000  1. [change _OSI to XOSI]: disabled
32:955  0:000  2. [change _DSM to XDSM]: pattern 5F44534D, patched at: [ (51) ]
32:955  0:000  3. [change EC0 to EC]: pattern 4543305F, bin not found / already patched!
32:955  0:000  4. [change H_EC to EC]: disabled
32:955  0:000  5. [change ECDV to EC]: disabled
32:955  0:000  6. [change HDAS to HDEF]: pattern 48444153, bin not found / already patched!
32:955  0:000  7. [change HECI to IMEI]: pattern 48454349, bin not found / already patched!
32:955  0:000  8. [change MEI to IMEI]: pattern 4D45495F, bin not found / already patched!
32:955  0:000  9. [change GFX0 to IGPU]: pattern 47465830, bin not found / already patched!
32:955  0:000  10. [change PCI0.VID to IGPU #1 (Thinkpad)]: disabled
32:955  0:000  11. [change PCI0.VID to IGPU #2 (Thinkpad)]: disabled
32:955  0:000  Patch table: SSDT  DptfTabl len=0x3DC5
32:955  0:000  0. [change OSID to XSID (to avoid match against _OSI XOSI patch)]: disabled
32:955  0:000  1. [change _OSI to XOSI]: disabled
32:955  0:000  2. [change _DSM to XDSM]: pattern 5F44534D, bin not found / already patched!
32:955  0:000  3. [change EC0 to EC]: pattern 4543305F, patched at: [ (1F0B) (18) (25) (25) (15) (1F) (25) (25) (15) (1F) (25) (25) (15) (1F) (25) (25) (15) (11BE) (AB) (36) (1A) (24) (17) (20) (1E) (2A) (AD) (36) (1A) (24) (17) (20) (1E) (2A) (AB) (36) (1A) (24) (17) (20) (1E) (2A) (AD) (36) (1A) (24) (17) (1F) (1E) ]
32:955  0:000  4. [change H_EC to EC]: disabled
32:955  0:000  5. [change ECDV to EC]: disabled
32:955  0:000  6. [change HDAS to HDEF]: pattern 48444153, bin not found / already patched!
32:955  0:000  7. [change HECI to IMEI]: pattern 48454349, bin not found / already patched!
32:955  0:000  8. [change MEI to IMEI]: pattern 4D45495F, bin not found / already patched!
32:955  0:000  9. [change GFX0 to IGPU]: pattern 47465830, patched at: [ (2D4B) (15) (25) (14) (1F) (15) (22) (15) ]
32:955  0:000  10. [change PCI0.VID to IGPU #1 (Thinkpad)]: disabled
32:955  0:000  11. [change PCI0.VID to IGPU #2 (Thinkpad)]: disabled
32:955  0:000  Patch table: SSDT  SaSsdt  len=0x5882
32:955  0:000  0. [change OSID to XSID (to avoid match against _OSI XOSI patch)]: disabled
32:955  0:000  1. [change _OSI to XOSI]: disabled
32:955  0:000  2. [change _DSM to XDSM]: pattern 5F44534D, patched at: [ (33DE) ]
32:955  0:000  3. [change EC0 to EC]: pattern 4543305F, patched at: [ (1EBC) (EB) (70) (54) (1A40) (100) ]
32:955  0:000  4. [change H_EC to EC]: disabled
32:955  0:000  5. [change ECDV to EC]: disabled
32:955  0:000  6. [change HDAS to HDEF]: pattern 48444153, bin not found / already patched!
32:955  0:000  7. [change HECI to IMEI]: pattern 48454349, bin not found / already patched!
32:955  0:000  8. [change MEI to IMEI]: pattern 4D45495F, bin not found / already patched!
32:955  0:000  9. [change GFX0 to IGPU]: pattern 47465830, patched at: [ (2BF) (1D41) (AD5) (1D) (27B) (1209) (12) (12) (57) (30) (84) ]
32:955  0:000  10. [change PCI0.VID to IGPU #1 (Thinkpad)]: disabled
32:955  0:000  11. [change PCI0.VID to IGPU #2 (Thinkpad)]: disabled
32:955  0:000  Patch table: SSDT  CpuSsdt len=0xE73
32:955  0:000  0. [change OSID to XSID (to avoid match against _OSI XOSI patch)]: disabled
32:955  0:000  1. [change _OSI to XOSI]: disabled
32:955  0:000  2. [change _DSM to XDSM]: pattern 5F44534D, bin not found / already patched!
32:955  0:000  3. [change EC0 to EC]: pattern 4543305F, bin not found / already patched!
32:955  0:000  4. [change H_EC to EC]: disabled
32:955  0:000  5. [change ECDV to EC]: disabled
32:955  0:000  6. [change HDAS to HDEF]: pattern 48444153, bin not found / already patched!
32:955  0:000  7. [change HECI to IMEI]: pattern 48454349, bin not found / already patched!
32:955  0:000  8. [change MEI to IMEI]: pattern 4D45495F, bin not found / already patched!
32:955  0:000  9. [change GFX0 to IGPU]: pattern 47465830, bin not found / already patched!
32:955  0:000  10. [change PCI0.VID to IGPU #1 (Thinkpad)]: disabled
32:955  0:000  11. [change PCI0.VID to IGPU #2 (Thinkpad)]: disabled
32:955  0:000  Patch table: SSDT  SgPch len=0x7CB
32:955  0:000  0. [change OSID to XSID (to avoid match against _OSI XOSI patch)]: disabled
32:955  0:000  1. [change _OSI to XOSI]: disabled
32:955  0:000  2. [change _DSM to XDSM]: pattern 5F44534D, bin not found / already patched!
32:955  0:000  3. [change EC0 to EC]: pattern 4543305F, patched at: [ (515) (18) (19) (21) (38) (1C) (17) (18) (17) ]
32:955  0:000  4. [change H_EC to EC]: disabled
32:955  0:000  5. [change ECDV to EC]: disabled
32:955  0:000  6. [change HDAS to HDEF]: pattern 48444153, bin not found / already patched!
32:955  0:000  7. [change HECI to IMEI]: pattern 48454349, bin not found / already patched!
32:955  0:000  8. [change MEI to IMEI]: pattern 4D45495F, bin not found / already patched!
32:955  0:000  9. [change GFX0 to IGPU]: pattern 47465830, bin not found / already patched!
32:955  0:000  10. [change PCI0.VID to IGPU #1 (Thinkpad)]: disabled
32:955  0:000  11. [change PCI0.VID to IGPU #2 (Thinkpad)]: disabled
32:955  0:000  Patch table: SSDT  OptTabl len=0x1A93
32:955  0:000  0. [change OSID to XSID (to avoid match against _OSI XOSI patch)]: disabled
32:955  0:000  1. [change _OSI to XOSI]: disabled
32:955  0:000  2. [change _DSM to XDSM]: pattern 5F44534D, patched at: [ (288) (1783) (41) (11) ]
32:955  0:000  3. [change EC0 to EC]: pattern 4543305F, patched at: [ (E85) (1C) (17) (18) (17) (18) (1C) (13C) (18) (19) (21) (18) (1C) (7AD) (65) ]
32:955  0:000  4. [change H_EC to EC]: disabled
32:955  0:000  5. [change ECDV to EC]: disabled
32:955  0:000  6. [change HDAS to HDEF]: pattern 48444153, bin not found / already patched!
32:955  0:000  7. [change HECI to IMEI]: pattern 48454349, bin not found / already patched!
32:955  0:000  8. [change MEI to IMEI]: pattern 4D45495F, bin not found / already patched!
32:955  0:000  9. [change GFX0 to IGPU]: pattern 47465830, patched at: [ (122) (19) (15E) (A4) (527) (11D8) (11) ]
32:955  0:000  10. [change PCI0.VID to IGPU #1 (Thinkpad)]: disabled
32:955  0:000  11. [change PCI0.VID to IGPU #2 (Thinkpad)]: disabled
32:955  0:000  Drop tables from Xsdt, SIGN=XXXX TableID= Length=0
32:955  0:000   Xsdt has tables count=20
32:955  0:000  === [ ACPIPatchedAML ] ====================================
32:955  0:000  Unsorted
32:955  0:000  Inserting SSDT-PEG0-PEGP-Spoof.aml from EFI\CLOVER\ACPI\patched ... Success
32:959  0:003  CPUBase=0 and ApicCPUBase=1 ApicCPUNum=1
32:959  0:000  === [ RestSetup macOS ] ===================================
32:959  0:000  EdidDiscovered size=128
32:959  0:000  ------- EDID Table
32:959  0:000  000  |  00  FF  FF  FF  FF  FF  FF  00  06  AF
32:959  0:000  010  |  EC  46  00  00  00  00  04  19  01  04
32:959  0:000  020  |  95  22  13  78  02  50  25  93  58  57
32:959  0:000  030  |  92  29  22  50  54  00  00  00  01  01
32:959  0:000  040  |  01  01  01  01  01  01  01  01  01  01
32:959  0:000  050  |  01  01  01  01  8C  1E  56  E6  50  00
32:959  0:000  060  |  30  30  08  0A  31  00  58  C1  10  00
32:959  0:000  070  |  00  18  00  00  00  0F  00  00  00  00
32:959  0:000  080  |  00  00  00  00  00  00  00  00  00  20
32:959  0:000  090  |  00  00  00  FE  00  41  55  4F  0A  20
32:959  0:000  100  |  20  20  20  20  20  20  20  20  00  00
32:959  0:000  110  |  00  FE  00  42  31  35  36  58  54  4E
32:959  0:000  120  |  30  34  2E  36  20  0A  00  53
32:959  0:000  Intel HD Graphics 520 [8086:1916] :: PciRoot(0x0)\Pci(0x2,0x0)
32:959  0:000    Found XGA Display - 4:3 :: Width=1024 Height=768
32:959  0:000    Beginning DualLink auto-detection
32:959  0:000    Low Resolution Display
32:959  0:000    AAPL00,DualLink: not used
32:959  0:000    FakeID Intel GFX: not set
32:959  0:000    ig-platform-id = 0x19160000
32:959  0:000    Beginning Intel GFX auto-detection with ACPI injection
32:959  0:000    Found FakeID Intel GFX = 0x19168086
32:959  0:000  Intel GFX revision  = 0x7
32:959  0:000   RCBA disabled; cannot use it
32:959  0:000  stringlength = 2134
32:960  0:000  CurrentMode: Width=1024 Height=768
32:960  0:000  Beginning FSInjection
FSInjectionInstall ...
- Our FSI_SIMPLE_FILE_SYSTEM_PROTOCOL installed on handle: 72F88798
FSInjectionInstall ...
- Our FSI_SIMPLE_FILE_SYSTEM_PROTOCOL installed on handle: 72F88798
32:969  0:009  Use origin smbios table type 1 guid.
32:981  0:012    Force kext: System\Library\Extensions\IONetworkingFamily.kext
33:123  0:142      Force PlugIn kext: System\Library\Extensions\IONetworkingFamily.kext\Contents\PlugIns\nvenet.kext
33:171  0:048      Force PlugIn kext: System\Library\Extensions\IONetworkingFamily.kext\Contents\PlugIns\AppleBCM5701Ethernet.kext
33:188  0:016      Force PlugIn kext: System\Library\Extensions\IONetworkingFamily.kext\Contents\PlugIns\AppleIntelI210Ethernet.kext
33:204  0:016      Force PlugIn kext: System\Library\Extensions\IONetworkingFamily.kext\Contents\PlugIns\Intel82574L.kext
33:219  0:014      Force PlugIn kext: System\Library\Extensions\IONetworkingFamily.kext\Contents\PlugIns\IOEthernetAVBController.kext
33:232  0:013      Force PlugIn kext: System\Library\Extensions\IONetworkingFamily.kext\Contents\PlugIns\AppleYukon2.kext
33:253  0:020      Force PlugIn kext: System\Library\Extensions\IONetworkingFamily.kext\Contents\PlugIns\AppleIntel8254XEthernet.kext
33:267  0:014      Force PlugIn kext: System\Library\Extensions\IONetworkingFamily.kext\Contents\PlugIns\AppleVmxnet3Ethernet.kext
33:282  0:014      Force PlugIn kext: System\Library\Extensions\IONetworkingFamily.kext\Contents\PlugIns\mDNSOffloadUserClient.kext
33:344  0:062  Extra kext folder of 10.13 does not found - skip
33:344  0:000  Preparing kexts injection for arch=x86_64 from EFI\CLOVER\kexts\Other
33:344  0:000  Extra kext: EFI\CLOVER\kexts\Other\VoodooPS2Controller.kext
33:359  0:014    |-- PlugIn kext: EFI\CLOVER\kexts\Other\VoodooPS2Controller.kext\Contents\PlugIns\VoodooPS2Trackpad.kext
33:384  0:025    |-- PlugIn kext: EFI\CLOVER\kexts\Other\VoodooPS2Controller.kext\Contents\PlugIns\VoodooPS2Mouse.kext
33:388  0:003    |-- PlugIn kext: EFI\CLOVER\kexts\Other\VoodooPS2Controller.kext\Contents\PlugIns\VoodooPS2Keyboard.kext
33:410  0:021  Extra kext: EFI\CLOVER\kexts\Other\SATA-100-series-unsupported.kext
33:412  0:002  Extra kext: EFI\CLOVER\kexts\Other\Lilu.kext
33:433  0:020  Extra kext: EFI\CLOVER\kexts\Other\IntelGraphicsFixup.kext
33:436  0:003  Extra kext: EFI\CLOVER\kexts\Other\FakeSMC.kext
33:456  0:019  Extra kext: EFI\CLOVER\kexts\Other\ACPIBatteryManager.kext
33:485  0:028  SetStartupDiskVolume:
33:485  0:000    * Volume: 'Mac OS'
33:485  0:000    * LoaderPath: '<null string>'
33:485  0:000    * DevPath: Mac OS
33:485  0:000    * GUID = 08DA6B21-694F-41D0-A4AA-74A4F570638C
33:485  0:000    * efi-boot-device: <array><dict><key>IOMatch</key><dict><key>IOProviderClass</key><string>IOMedia</string><key>IOPropertyMatch</key><dict><key>UUID</key><string>08DA6B21-694F-41D0-A4AA-74A4F570638C</string></dict></dict></dict></array>
33:485  0:000  Custom boot is disabled
33:486  0:000  Closing log
